\BOOKMARK [1][-]{section.1}{Introduction to the IITBombayX MOOC platform}{}
\BOOKMARK [1][-]{section.2}{The OPENedX platform}{}
\BOOKMARK [1][-]{section.3}{The projects under the Cloud and Big data group}{}
\BOOKMARK [2][-]{subsection.3.1}{Study and Integration of edX Insight}{section.3}
\BOOKMARK [3][-]{subsubsection.3.1.1}{What is edX Insight?}{subsection.3.1}
\BOOKMARK [3][-]{subsubsection.3.1.2}{Why edX InSight?}{subsection.3.1}
\BOOKMARK [3][-]{subsubsection.3.1.3}{How does Insight work?}{subsection.3.1}
\BOOKMARK [3][-]{subsubsection.3.1.4}{Application in edX}{subsection.3.1}
\BOOKMARK [2][-]{subsection.3.2}{Study of OpenStack cloud implementation}{section.3}
\BOOKMARK [2][-]{subsection.3.3}{What is OpenStack?}{section.3}
\BOOKMARK [3][-]{subsubsection.3.3.1}{How does OpenStack function?}{subsection.3.3}
\BOOKMARK [3][-]{subsubsection.3.3.2}{How popular is OpenStack, and why?}{subsection.3.3}
\BOOKMARK [3][-]{subsubsection.3.3.3}{The project and application in edX}{subsection.3.3}
\BOOKMARK [2][-]{subsection.3.4}{Performance issues in IITBombayX Cloud}{section.3}
\BOOKMARK [3][-]{subsubsection.3.4.1}{Motivation, and what the project is about}{subsection.3.4}
\BOOKMARK [3][-]{subsubsection.3.4.2}{The Apache JMeter - what is it, and how we can use it}{subsection.3.4}
\BOOKMARK [2][-]{subsection.3.5}{Data Replication}{section.3}
\BOOKMARK [3][-]{subsubsection.3.5.1}{Motivation}{subsection.3.5}
\BOOKMARK [3][-]{subsubsection.3.5.2}{The LDR algorithm}{subsection.3.5}
\BOOKMARK [3][-]{subsubsection.3.5.3}{The Rsync algorithm and the rsync command line tool}{subsection.3.5}
\BOOKMARK [3][-]{subsubsection.3.5.4}{Application in edX}{subsection.3.5}
\BOOKMARK [2][-]{subsection.3.6}{Exchange of data between Moodle and IITBombayX}{section.3}
\BOOKMARK [3][-]{subsubsection.3.6.1}{What is Moodle?}{subsection.3.6}
\BOOKMARK [3][-]{subsubsection.3.6.2}{moodle2edx and the project}{subsection.3.6}
\BOOKMARK [3][-]{subsubsection.3.6.3}{main.py}{subsection.3.6}
\BOOKMARK [3][-]{subsubsection.3.6.4}{abox.py}{subsection.3.6}
\BOOKMARK [1][-]{section.4}{Project of Choice}{}
